[0m09:19:21.738541 [debug] [MainThread]: Sending event: {'category': 'dbt', 'action': 'invocation', 'label': 'start', 'context': [<snowplow_tracker.self_describing_json.SelfDescribingJson object at 0x000001ACF74852E0>, <snowplow_tracker.self_describing_json.SelfDescribingJson object at 0x000001ACF72C1A60>, <snowplow_tracker.self_describing_json.SelfDescribingJson object at 0x000001ACF4BA9D90>]}


============================== 09:19:21.763025 | 4fe7a0c6-47f7-4352-8ef8-381ec371f4da ==============================
[0m09:19:21.763025 [info ] [MainThread]: Running with dbt=1.11.8
[0m09:19:21.764068 [debug] [MainThread]: running dbt with arguments {'static_parser': 'True', 'no_print': 'None', 'version_check': 'True', 'target_path': 'None', 'warn_error_options': 'WarnErrorOptionsV2(error=[], warn=[], silence=[])', 'printer_width': '80', 'write_json': 'True', 'introspect': 'True', 'log_cache_events': 'False', 'empty': 'None', 'cache_selected_only': 'False', 'fail_fast': 'False', 'debug': 'False', 'log_format': 'default', 'profiles_dir': 'C:\\Users\\samue\\.dbt', 'send_anonymous_usage_stats': 'True', 'quiet': 'False', 'warn_error': 'None', 'partial_parse': 'True', 'use_colors': 'True', 'invocation_command': 'dbt init tui_dbt', 'indirect_selection': 'eager', 'use_experimental_parser': 'False', 'log_path': 'logs'}
[0m09:19:21.790490 [info ] [MainThread]: Creating dbt configuration folder at C:\Users\samue\.dbt
[0m09:19:21.793529 [debug] [MainThread]: Starter project path: C:\Users\samue\AppData\Local\Programs\Python\Python312\Lib\site-packages\dbt\include\starter_project
[0m09:19:21.831656 [info ] [MainThread]: 
Your new dbt project "tui_dbt" was created!

For more information on how to configure the profiles.yml file,
please consult the dbt documentation here:

  https://docs.getdbt.com/docs/configure-your-profile

One more thing:

Need help? Don't hesitate to reach out to us via GitHub issues or on Slack:

  https://community.getdbt.com/

Happy modeling!

[0m09:19:21.833657 [info ] [MainThread]: Setting up your profile.
[0m09:20:00.896986 [info ] [MainThread]: Profile tui_dbt written to C:\Users\samue\.dbt\profiles.yml using target's sample configuration. Once updated, you'll be able to start developing with dbt.
[0m09:20:00.898987 [debug] [MainThread]: Command `dbt init` succeeded at 09:20:00.897989 after 39.30 seconds
[0m09:20:00.898987 [debug] [MainThread]: Sending event: {'category': 'dbt', 'action': 'invocation', 'label': 'end', 'context': [<snowplow_tracker.self_describing_json.SelfDescribingJson object at 0x000001ACF73D8A40>, <snowplow_tracker.self_describing_json.SelfDescribingJson object at 0x000001ACF73D9220>, <snowplow_tracker.self_describing_json.SelfDescribingJson object at 0x000001ACF610AC30>]}
[0m09:20:00.899986 [debug] [MainThread]: Flushing usage events
[0m09:20:01.830913 [debug] [MainThread]: An error was encountered while trying to flush usage events
[0m09:47:30.413736 [debug] [MainThread]: Sending event: {'category': 'dbt', 'action': 'invocation', 'label': 'start', 'context': [<snowplow_tracker.self_describing_json.SelfDescribingJson object at 0x000002B63F30CE90>, <snowplow_tracker.self_describing_json.SelfDescribingJson object at 0x000002B641A8FE30>, <snowplow_tracker.self_describing_json.SelfDescribingJson object at 0x000002B64215E690>]}


============================== 09:47:30.419256 | 150cf74c-f60a-4cb9-aa58-95acc9ab0eec ==============================
[0m09:47:30.419256 [info ] [MainThread]: Running with dbt=1.11.8
[0m09:47:30.419256 [debug] [MainThread]: running dbt with arguments {'version_check': 'True', 'no_print': 'None', 'static_parser': 'True', 'warn_error_options': 'WarnErrorOptionsV2(error=[], warn=[], silence=[])', 'target_path': 'None', 'printer_width': '80', 'write_json': 'True', 'empty': 'False', 'log_cache_events': 'False', 'introspect': 'True', 'cache_selected_only': 'False', 'fail_fast': 'False', 'debug': 'False', 'log_format': 'default', 'partial_parse': 'True', 'send_anonymous_usage_stats': 'True', 'quiet': 'False', 'warn_error': 'None', 'profiles_dir': 'C:\\Users\\samue\\.dbt', 'indirect_selection': 'eager', 'use_colors': 'True', 'invocation_command': 'dbt run', 'use_experimental_parser': 'False', 'log_path': 'logs'}
[0m09:47:30.420213 [error] [MainThread]: Encountered an error:
Runtime Error
  No dbt_project.yml found at expected path C:\Users\samue\OneDrive\Skrivbord\TUI_Analytics_Project\dbt_project.yml
  Verify that each entry within packages.yml (and their transitive dependencies) contains a file named dbt_project.yml
  
[0m09:47:30.421375 [debug] [MainThread]: Command `dbt run` failed at 09:47:30.421375 after 0.14 seconds
[0m09:47:30.421375 [debug] [MainThread]: Sending event: {'category': 'dbt', 'action': 'invocation', 'label': 'end', 'context': [<snowplow_tracker.self_describing_json.SelfDescribingJson object at 0x000002B63EA0D340>, <snowplow_tracker.self_describing_json.SelfDescribingJson object at 0x000002B642635C10>, <snowplow_tracker.self_describing_json.SelfDescribingJson object at 0x000002B63F30CE90>]}
[0m09:47:30.422412 [debug] [MainThread]: Flushing usage events
[0m09:47:31.415451 [debug] [MainThread]: An error was encountered while trying to flush usage events
